
> task-management-app@0.0.0 start
> ng serve

[33m❯[39m Building...
[32m✔[39m Building...
[1mInitial chunk files[22m[2m | [22m[1mNames[22m                        [2m | [22m [1mRaw size[22m
[32mpolyfills.js[39m       [2m | [22m[2mpolyfills[22m                    [2m | [22m [36m90.20 kB[39m[2m | [22m
[32mmain.js[39m            [2m | [22m[2mmain[22m                         [2m | [22m [36m49.74 kB[39m[2m | [22m
[32mstyles.css[39m         [2m | [22m[2mstyles[22m                       [2m | [22m [36m49.34 kB[39m[2m | [22m
[32mchunk-CZ5RB6R7.js[39m  [2m | [22m[2m-[22m                            [2m | [22m  [36m4.14 kB[39m[2m | [22m
[32mchunk-2UQMTFE4.js[39m  [2m | [22m[2m-[22m                            [2m | [22m  [36m1.30 kB[39m[2m | [22m
[32mchunk-IOG2DK3Q.js[39m  [2m | [22m[2m-[22m                            [2m | [22m  [36m1.27 kB[39m[2m | [22m
[32mchunk-MAUY2TAH.js[39m  [2m | [22m[2m-[22m                            [2m | [22m  [36m1.24 kB[39m[2m | [22m

[1m [22m                  [2m | [22m[1mInitial total[22m                [2m | [22m[1m197.22 kB[22m

[1mLazy chunk files[22m   [2m | [22m[1mNames[22m                        [2m | [22m [1mRaw size[22m
[32mchunk-WGUTQJJS.js[39m  [2m | [22m[2mtask-list-component[22m          [2m | [22m [36m36.54 kB[39m[2m | [22m
[32mchunk-TJ3EQCXB.js[39m  [2m | [22m[2mtask-edit-component[22m          [2m | [22m [36m36.20 kB[39m[2m | [22m
[32mchunk-WNKLAWZZ.js[39m  [2m | [22m[2mtask-detail-component[22m        [2m | [22m [36m35.98 kB[39m[2m | [22m
[32mchunk-N5L6J6HK.js[39m  [2m | [22m[2mtask-form-component[22m          [2m | [22m [36m31.87 kB[39m[2m | [22m
[32mchunk-P7SITW3C.js[39m  [2m | [22m[2morganization-detail-component[22m[2m | [22m [36m29.84 kB[39m[2m | [22m
[32mchunk-UCJXCO7T.js[39m  [2m | [22m[2mdashboard-component[22m          [2m | [22m [36m21.06 kB[39m[2m | [22m
[32mchunk-B65UI4HV.js[39m  [2m | [22m[2mregister-component[22m           [2m | [22m [36m19.93 kB[39m[2m | [22m
[32mchunk-QPXMIUFW.js[39m  [2m | [22m[2morganization-list-component[22m  [2m | [22m [36m14.93 kB[39m[2m | [22m
[32mchunk-4YICAQUK.js[39m  [2m | [22m[2musers-list-component[22m         [2m | [22m [36m13.24 kB[39m[2m | [22m
[32mchunk-A2Q4BCNJ.js[39m  [2m | [22m[2mlogin-component[22m              [2m | [22m [36m12.98 kB[39m[2m | [22m
[32mchunk-VCMYULIQ.js[39m  [2m | [22m[2mreset-password-component[22m     [2m | [22m [36m11.80 kB[39m[2m | [22m
[32mchunk-3IZH2NO5.js[39m  [2m | [22m[2morganization-form-component[22m  [2m | [22m [36m10.01 kB[39m[2m | [22m
[32mchunk-TRZVXFGD.js[39m  [2m | [22m[2mforgot-password-component[22m    [2m | [22m  [36m9.07 kB[39m[2m | [22m
[32mchunk-N6M2NDX7.js[39m  [2m | [22m[2mprofile-component[22m            [2m | [22m  [36m6.72 kB[39m[2m | [22m
[32mchunk-IFUIZFG7.js[39m  [2m | [22m[2mhome-component[22m               [2m | [22m  [36m6.66 kB[39m[2m | [22m
[2m...and 4 more lazy chunks files. Use "--verbose" to show all the files.[22m

Application bundle generation complete. [2.563 seconds]

Watch mode enabled. Watching for file changes...
NOTE: Raw file sizes do not reflect development server per-request transformations.
  [32m➜[39m  [1mLocal[22m:   [36mhttp://localhost:[1m4200[22m/[39m
[2m[32m  ➜[39m[22m[2m  press [22m[1mh + enter[22m[2m to show help[22m
